#
# There is insufficient memory for the Java Runtime Environment to continue.
# Native memory allocation (mmap) failed to map 134217728 bytes for G1 virtual space
# Possible reasons:
#   The system is out of physical RAM or swap space
#   The process is running with CompressedOops enabled, and the Java Heap may be blocking the growth of the native heap
# Possible solutions:
#   Reduce memory load on the system
#   Increase physical memory or swap space
#   Check if swap backing store is full
#   Decrease Java heap size (-Xmx/-Xms)
#   Decrease number of Java threads
#   Decrease Java thread stack sizes (-Xss)
#   Set larger code cache with -XX:ReservedCodeCacheSize=
#   JVM is running with Unscaled Compressed Oops mode in which the Java heap is
#     placed in the first 4GB address space. The Java Heap base address is the
#     maximum limit for the native heap growth. Please use -XX:HeapBaseMinAddress
#     to set the Java Heap base and to place the Java Heap above 4GB virtual address.
# This output file may be truncated or incomplete.
#
#  Out of Memory Error (os_windows.cpp:3466), pid=5408, tid=3204
#
# JRE version:  (16.0.2+7) (build )
# Java VM: Java HotSpot(TM) 64-Bit Server VM (16.0.2+7-67, mixed mode, sharing, tiered, compressed oops, compressed class ptrs, g1 gc, windows-amd64)
# No core dump will be written. Minidumps are not enabled by default on client versions of Windows
#

---------------  S U M M A R Y ------------

Command Line: bank.TestStockDialog

Host: Intel(R) Core(TM) i7-7700HQ CPU @ 2.80GHz, 8 cores, 7G,  Windows 10 , 64 bit Build 19041 (10.0.19041.1202)
Time: Sat Oct 23 23:32:22 2021 SE Asia Standard Time elapsed time: 0.011041 seconds (0d 0h 0m 0s)

---------------  T H R E A D  ---------------

Current thread (0x0000020dbf79c7d0):  JavaThread "Unknown thread" [_thread_in_vm, id=3204, stack(0x0000002b8f300000,0x0000002b8f400000)]

Stack: [0x0000002b8f300000,0x0000002b8f400000]
Native frames: (J=compiled Java code, j=interpreted, Vv=VM code, C=native code)
V  [jvm.dll+0x6681ca]
V  [jvm.dll+0x7c9e69]
V  [jvm.dll+0x7cb61e]
V  [jvm.dll+0x7cbc73]
V  [jvm.dll+0x242c55]
V  [jvm.dll+0x664f89]
V  [jvm.dll+0x659b75]
V  [jvm.dll+0x2fbfbb]
V  [jvm.dll+0x3031b6]
V  [jvm.dll+0x35299e]
V  [jvm.dll+0x352bcf]
V  [jvm.dll+0x2d3028]
V  [jvm.dll+0x2d4264]
V  [jvm.dll+0x79c741]
V  [jvm.dll+0x360791]
V  [jvm.dll+0x77a3f0]
V  [jvm.dll+0x3e4e8f]
V  [jvm.dll+0x3e6961]
C  [jli.dll+0x52fb]
C  [ucrtbase.dll+0x21bb2]
C  [KERNEL32.DLL+0x17034]
C  [ntdll.dll+0x52651]


---------------  P R O C E S S  ---------------

Threads class SMR info:
_java_thread_list=0x00007ffae470cbb8, length=0, elements={
}

Java Threads: ( => current thread )

Other Threads:
  0x0000020dbf7dbe10 GCTaskThread "GC Thread#0" [stack: 0x0000002b8f400000,0x0000002b8f500000] [id=2728]
  0x0000020dbf7ee340 ConcurrentGCThread "G1 Main Marker" [stack: 0x0000002b8f500000,0x0000002b8f600000] [id=2384]
  0x0000020dbf7eee30 ConcurrentGCThread "G1 Conc#0" [stack: 0x0000002b8f600000,0x0000002b8f700000] [id=7608]

[error occurred during error reporting (printing all threads), id 0xc0000005, EXCEPTION_ACCESS_VIOLATION (0xc0000005) at pc=0x00007ffae3ee3ee7]

VM state: not at safepoint (not fully initialized)

VM Mutex/Monitor currently owned by a thread:  ([mutex/lock_event])
[0x0000020dbf798890] Heap_lock - owner thread: 0x0000020dbf79c7d0

Heap address: 0x0000000081e00000, size: 2018 MB, Compressed Oops mode: 32-bit

CDS archive(s) mapped at: [0x0000000000000000-0x0000000000000000-0x0000000000000000), size 0, SharedBaseAddress: 0x0000000800000000, ArchiveRelocationMode: 0.
Narrow klass base: 0x0000000000000000, Narrow klass shift: 0, Narrow klass range: 0x0

GC Precious Log:
<Empty>

Heap:
 garbage-first heap   total 0K, used 0K [0x0000000081e00000, 0x0000000100000000)
  region size 1024K, 0 young (0K), 0 survivors (0K)

[error occurred during error reporting (printing heap information), id 0xc0000005, EXCEPTION_ACCESS_VIOLATION (0xc0000005) at pc=0x00007ffae42c1eed]

GC Heap History (0 events):
No events

Deoptimization events (0 events):
No events

Classes unloaded (0 events):
No events

Classes redefined (0 events):
No events

Internal exceptions (0 events):
No events

Events (1 events):
Event: 0.005 Loaded shared library C:\Program Files\Java\bin\java.dll


Dynamic libraries:
0x00007ff64c000000 - 0x00007ff64c010000 	C:\Program Files\Java\bin\java.exe
0x00007ffb62010000 - 0x00007ffb62205000 	C:\WINDOWS\SYSTEM32\ntdll.dll
0x00007ffb61b90000 - 0x00007ffb61c4e000 	C:\WINDOWS\System32\KERNEL32.DLL
0x00007ffb5fa40000 - 0x00007ffb5fd09000 	C:\WINDOWS\System32\KERNELBASE.dll
0x00007ffb5fd10000 - 0x00007ffb5fe10000 	C:\WINDOWS\System32\ucrtbase.dll
0x00007ffb59cc0000 - 0x00007ffb59cd9000 	C:\Program Files\Java\bin\VCRUNTIME140.dll
0x00007ffb5a170000 - 0x00007ffb5a188000 	C:\Program Files\Java\bin\jli.dll
0x00007ffb60fc0000 - 0x00007ffb6106c000 	C:\WINDOWS\System32\ADVAPI32.dll
0x00007ffb60b60000 - 0x00007ffb60bfe000 	C:\WINDOWS\System32\msvcrt.dll
0x00007ffb61550000 - 0x00007ffb615eb000 	C:\WINDOWS\System32\sechost.dll
0x00007ffb61420000 - 0x00007ffb6154a000 	C:\WINDOWS\System32\RPCRT4.dll
0x00007ffb60db0000 - 0x00007ffb60f51000 	C:\WINDOWS\System32\USER32.dll
0x00007ffb5f8d0000 - 0x00007ffb5f8f2000 	C:\WINDOWS\System32\win32u.dll
0x00007ffb4a3b0000 - 0x00007ffb4a64a000 	C:\WINDOWS\WinSxS\amd64_microsoft.windows.common-controls_6595b64144ccf1df_6.0.19041.1110_none_60b5254171f9507e\COMCTL32.dll
0x00007ffb612c0000 - 0x00007ffb612eb000 	C:\WINDOWS\System32\GDI32.dll
0x00007ffb5f730000 - 0x00007ffb5f83b000 	C:\WINDOWS\System32\gdi32full.dll
0x00007ffb5ffc0000 - 0x00007ffb6005d000 	C:\WINDOWS\System32\msvcp_win.dll
0x00007ffb593b0000 - 0x00007ffb593ba000 	C:\WINDOWS\SYSTEM32\VERSION.dll
0x00007ffb61070000 - 0x00007ffb610a0000 	C:\WINDOWS\System32\IMM32.DLL
0x00007ffb5a2f0000 - 0x00007ffb5a2fc000 	C:\Program Files\Java\bin\vcruntime140_1.dll
0x00007ffb49e40000 - 0x00007ffb49ed1000 	C:\Program Files\Java\bin\msvcp140.dll
0x00007ffae3c00000 - 0x00007ffae47ab000 	C:\Program Files\Java\bin\server\jvm.dll
0x00007ffb61f60000 - 0x00007ffb61f68000 	C:\WINDOWS\System32\PSAPI.DLL
0x00007ffb5a640000 - 0x00007ffb5a649000 	C:\WINDOWS\SYSTEM32\WSOCK32.dll
0x00007ffb4a750000 - 0x00007ffb4a777000 	C:\WINDOWS\SYSTEM32\WINMM.dll
0x00007ffb61110000 - 0x00007ffb6117b000 	C:\WINDOWS\System32\WS2_32.dll
0x00007ffb5dfe0000 - 0x00007ffb5dff2000 	C:\WINDOWS\SYSTEM32\kernel.appcore.dll
0x00007ffb59c90000 - 0x00007ffb59c9a000 	C:\Program Files\Java\bin\jimage.dll
0x00007ffb5dcd0000 - 0x00007ffb5deb4000 	C:\WINDOWS\SYSTEM32\DBGHELP.DLL
0x00007ffb4aca0000 - 0x00007ffb4accc000 	C:\WINDOWS\SYSTEM32\dbgcore.DLL
0x00007ffb5f840000 - 0x00007ffb5f8c3000 	C:\WINDOWS\System32\bcryptPrimitives.dll
0x00007ffb4c2f0000 - 0x00007ffb4c315000 	C:\Program Files\Java\bin\java.dll

dbghelp: loaded successfully - version: 4.0.5 - missing functions: none
symbol engine: initialized successfully - sym options: 0x614 - pdb path: .;C:\Program Files\Java\bin;C:\WINDOWS\SYSTEM32;C:\WINDOWS\WinSxS\amd64_microsoft.windows.common-controls_6595b64144ccf1df_6.0.19041.1110_none_60b5254171f9507e;C:\Program Files\Java\bin\server

VM Arguments:
java_command: bank.TestStockDialog
java_class_path (initial): E:\Softdev kob\goldplus_project\Project\target\classes;C:\Users\OMEN\.m2\repository\org\xerial\sqlite-jdbc\3.36.0.3\sqlite-jdbc-3.36.0.3.jar
Launcher Type: SUN_STANDARD

[Global flags]
     intx CICompilerCount                          = 4                                         {product} {ergonomic}
     uint ConcGCThreads                            = 2                                         {product} {ergonomic}
     uint G1ConcRefinementThreads                  = 8                                         {product} {ergonomic}
   size_t G1HeapRegionSize                         = 1048576                                   {product} {ergonomic}
    uintx GCDrainStackTargetSize                   = 64                                        {product} {ergonomic}
   size_t InitialHeapSize                          = 134217728                                 {product} {ergonomic}
   size_t MarkStackSize                            = 4194304                                   {product} {ergonomic}
   size_t MaxHeapSize                              = 2116026368                                {product} {ergonomic}
   size_t MinHeapDeltaBytes                        = 1048576                                   {product} {ergonomic}
   size_t MinHeapSize                              = 8388608                                   {product} {ergonomic}
    uintx NonNMethodCodeHeapSize                   = 5839372                                {pd product} {ergonomic}
    uintx NonProfiledCodeHeapSize                  = 122909434                              {pd product} {ergonomic}
    uintx ProfiledCodeHeapSize                     = 122909434                              {pd product} {ergonomic}
    uintx ReservedCodeCacheSize                    = 251658240                              {pd product} {ergonomic}
     bool SegmentedCodeCache                       = true                                      {product} {ergonomic}
   size_t SoftMaxHeapSize                          = 2116026368                             {manageable} {ergonomic}
     bool UseCompressedClassPointers               = true                           {product lp64_product} {ergonomic}
     bool UseCompressedOops                        = true                           {product lp64_product} {ergonomic}
     bool UseG1GC                                  = true                                      {product} {ergonomic}
     bool UseLargePagesIndividualAllocation        = false                                  {pd product} {ergonomic}

Logging:
Log output configuration:
 #0: stdout all=warning uptime,level,tags
 #1: stderr all=off uptime,level,tags

Environment Variables:
JAVA_HOME=C:\Program Files\Java
PATH=C:\Program Files\Common Files\Oracle\Java\javapath;C:\Program Files (x86)\Razer Chroma SDK\bin;C:\Program Files\Razer Chroma SDK\bin;C:\Program Files (x86)\Razer\ChromaBroadcast\bin;C:\Program Files\Razer\ChromaBroadcast\bin;C:\Program Files (x86)\Common Files\Oracle\Java\javapath;C:\Program Files (x86)\Intel\iCLS Client\;C:\Program Files\Intel\iCLS Client\;C:\windows\system32;C:\windows;C:\windows\System32\Wbem;C:\windows\System32\WindowsPowerShell\v1.0\;C:\Program Files (x86)\Intel\Intel(R) Management Engine Components\DAL;C:\Program Files\Intel\Intel(R) Management Engine Components\DAL;C:\Program Files (x86)\Intel\Intel(R) Management Engine Components\IPT;C:\Program Files\Intel\Intel(R) Management Engine Components\IPT;C:\WINDOWS\system32;C:\WINDOWS;C:\WINDOWS\System32\Wbem;C:\WINDOWS\System32\WindowsPowerShell\v1.0\;C:\WINDOWS\System32\OpenSSH\;C:\Program Files\NVIDIA Corporation\NVIDIA NvDLISR;C:\Program Files (x86)\NVIDIA Corporation\PhysX\Common;E:\Putty\;C:\WINDOWS\system32\config\systemprofile\AppData\Local\Microsoft\WindowsApps;G:\;C:\WINDOWS\system32;C:\WINDOWS;C:\WINDOWS\System32\Wbem;C:\WINDOWS\System32\WindowsPowerShell\v1.0\;C:\WINDOWS\System32\OpenSSH\;F:\Git\cmd;C:\Program Files\Java\jdk-11.0.11\bin;C:\dart-sdk\bin;E:\flutter_windows_2.5.3-stable\flutter\bin;C:\Users\OMEN\AppData\Local\Microsoft\WindowsApps;C:\Users\OMEN\AppData\Roaming\npm;E:\Microsoft VS Code\bin
USERNAME=OMEN
OS=Windows_NT
PROCESSOR_IDENTIFIER=Intel64 Family 6 Model 158 Stepping 9, GenuineIntel



---------------  S Y S T E M  ---------------

OS:
 Windows 10 , 64 bit Build 19041 (10.0.19041.1202)
OS uptime: 1 days 5:07 hours

CPU: total 8 (initial active 8) (4 cores per cpu, 2 threads per core) family 6 model 158 stepping 9 microcode 0xb4, cx8, cmov, fxsr, ht, mmx, 3dnowpref, sse, sse2, sse3, ssse3, sse4.1, sse4.2, popcnt, lzcnt, tsc, tscinvbit, avx, avx2, aes, erms, clmul, bmi1, bmi2, adx, fma, vzeroupper, clflush, clflushopt

Memory: 4k page, system-wide physical 8071M (616M free)
TotalPageFile size 12167M (AvailPageFile size 79M)
current process WorkingSet (physical memory assigned to process): 10M, peak: 10M
current process commit charge ("private bytes"): 60M, peak: 188M

vm_info: Java HotSpot(TM) 64-Bit Server VM (16.0.2+7-67) for windows-amd64 JRE (16.0.2+7-67), built on Jun  8 2021 23:24:19 by "mach5one" with MS VC++ 16.7 (VS2019)

END.
