#
# There is insufficient memory for the Java Runtime Environment to continue.
# Native memory allocation (mmap) failed to map 134217728 bytes for G1 virtual space
# Possible reasons:
#   The system is out of physical RAM or swap space
#   The process is running with CompressedOops enabled, and the Java Heap may be blocking the growth of the native heap
# Possible solutions:
#   Reduce memory load on the system
#   Increase physical memory or swap space
#   Check if swap backing store is full
#   Decrease Java heap size (-Xmx/-Xms)
#   Decrease number of Java threads
#   Decrease Java thread stack sizes (-Xss)
#   Set larger code cache with -XX:ReservedCodeCacheSize=
#   JVM is running with Unscaled Compressed Oops mode in which the Java heap is
#     placed in the first 4GB address space. The Java Heap base address is the
#     maximum limit for the native heap growth. Please use -XX:HeapBaseMinAddress
#     to set the Java Heap base and to place the Java Heap above 4GB virtual address.
# This output file may be truncated or incomplete.
#
#  Out of Memory Error (os_windows.cpp:3466), pid=37616, tid=31968
#
# JRE version:  (16.0.2+7) (build )
# Java VM: Java HotSpot(TM) 64-Bit Server VM (16.0.2+7-67, mixed mode, sharing, tiered, compressed oops, compressed class ptrs, g1 gc, windows-amd64)
# No core dump will be written. Minidumps are not enabled by default on client versions of Windows
#

---------------  S U M M A R Y ------------

Command Line: bank.TestStockDialog

Host: Intel(R) Core(TM) i7-7700HQ CPU @ 2.80GHz, 8 cores, 7G,  Windows 10 , 64 bit Build 19041 (10.0.19041.1202)
Time: Wed Nov 10 04:16:10 2021 SE Asia Standard Time elapsed time: 1.873594 seconds (0d 0h 0m 1s)

---------------  T H R E A D  ---------------

Current thread (0x0000013d73443290):  JavaThread "Unknown thread" [_thread_in_vm, id=31968, stack(0x00000032c8200000,0x00000032c8300000)]

Stack: [0x00000032c8200000,0x00000032c8300000]
Native frames: (J=compiled Java code, j=interpreted, Vv=VM code, C=native code)
V  [jvm.dll+0x6681ca]
V  [jvm.dll+0x7c9e69]
V  [jvm.dll+0x7cb61e]
V  [jvm.dll+0x7cbc73]
V  [jvm.dll+0x242c55]
V  [jvm.dll+0x664f89]
V  [jvm.dll+0x659b75]
V  [jvm.dll+0x2fbfbb]
V  [jvm.dll+0x3031b6]
V  [jvm.dll+0x35299e]
V  [jvm.dll+0x352bcf]
V  [jvm.dll+0x2d3028]
V  [jvm.dll+0x2d4264]
V  [jvm.dll+0x79c741]
V  [jvm.dll+0x360791]
V  [jvm.dll+0x77a3f0]
V  [jvm.dll+0x3e4e8f]
V  [jvm.dll+0x3e6961]
C  [jli.dll+0x52fb]
C  [ucrtbase.dll+0x21bb2]
C  [KERNEL32.DLL+0x17034]
C  [ntdll.dll+0x52651]


---------------  P R O C E S S  ---------------

Threads class SMR info:
_java_thread_list=0x00007ffe1679cbb8, length=0, elements={
}

Java Threads: ( => current thread )

Other Threads:
  0x0000013d7347c620 GCTaskThread "GC Thread#0" [stack: 0x00000032c8300000,0x00000032c8400000] [id=5072]
  0x0000013d7348e9e0 ConcurrentGCThread "G1 Main Marker" [stack: 0x00000032c8400000,0x00000032c8500000] [id=36196]
  0x0000013d7348f3e0 ConcurrentGCThread "G1 Conc#0" [stack: 0x00000032c8500000,0x00000032c8600000] [id=23948]

[error occurred during error reporting (printing all threads), id 0xc0000005, EXCEPTION_ACCESS_VIOLATION (0xc0000005) at pc=0x00007ffe15f73ee7]

VM state: not at safepoint (not fully initialized)

VM Mutex/Monitor currently owned by a thread:  ([mutex/lock_event])
[0x0000013d7343f870] Heap_lock - owner thread: 0x0000013d73443290

Heap address: 0x0000000081e00000, size: 2018 MB, Compressed Oops mode: 32-bit

CDS archive(s) mapped at: [0x0000000000000000-0x0000000000000000-0x0000000000000000), size 0, SharedBaseAddress: 0x0000000800000000, ArchiveRelocationMode: 0.
Narrow klass base: 0x0000000000000000, Narrow klass shift: 0, Narrow klass range: 0x0

GC Precious Log:
<Empty>

Heap:
 garbage-first heap   total 0K, used 0K [0x0000000081e00000, 0x0000000100000000)
  region size 1024K, 0 young (0K), 0 survivors (0K)

[error occurred during error reporting (printing heap information), id 0xc0000005, EXCEPTION_ACCESS_VIOLATION (0xc0000005) at pc=0x00007ffe16351eed]

GC Heap History (0 events):
No events

Deoptimization events (0 events):
No events

Classes unloaded (0 events):
No events

Classes redefined (0 events):
No events

Internal exceptions (0 events):
No events

Events (1 events):
Event: 0.005 Loaded shared library C:\Program Files\Java\bin\java.dll


Dynamic libraries:
0x00007ff618990000 - 0x00007ff6189a0000 	C:\Program Files\Java\bin\java.exe
0x00007ffe6c1f0000 - 0x00007ffe6c3e5000 	C:\WINDOWS\SYSTEM32\ntdll.dll
0x00007ffe6aa50000 - 0x00007ffe6ab0e000 	C:\WINDOWS\System32\KERNEL32.DLL
0x00007ffe69da0000 - 0x00007ffe6a069000 	C:\WINDOWS\System32\KERNELBASE.dll
0x00007ffe69910000 - 0x00007ffe69a10000 	C:\WINDOWS\System32\ucrtbase.dll
0x00007ffe636e0000 - 0x00007ffe636f9000 	C:\Program Files\Java\bin\VCRUNTIME140.dll
0x00007ffe64ad0000 - 0x00007ffe64ae8000 	C:\Program Files\Java\bin\jli.dll
0x00007ffe6b510000 - 0x00007ffe6b5bc000 	C:\WINDOWS\System32\ADVAPI32.dll
0x00007ffe6aff0000 - 0x00007ffe6b08e000 	C:\WINDOWS\System32\msvcrt.dll
0x00007ffe6a730000 - 0x00007ffe6a7cb000 	C:\WINDOWS\System32\sechost.dll
0x00007ffe6a240000 - 0x00007ffe6a36a000 	C:\WINDOWS\System32\RPCRT4.dll
0x00007ffe6a840000 - 0x00007ffe6a9e1000 	C:\WINDOWS\System32\USER32.dll
0x00007ffe69d70000 - 0x00007ffe69d92000 	C:\WINDOWS\System32\win32u.dll
0x00007ffe55c60000 - 0x00007ffe55efa000 	C:\WINDOWS\WinSxS\amd64_microsoft.windows.common-controls_6595b64144ccf1df_6.0.19041.1110_none_60b5254171f9507e\COMCTL32.dll
0x00007ffe6be10000 - 0x00007ffe6be3b000 	C:\WINDOWS\System32\GDI32.dll
0x00007ffe69a10000 - 0x00007ffe69b1b000 	C:\WINDOWS\System32\gdi32full.dll
0x00007ffe6a0c0000 - 0x00007ffe6a15d000 	C:\WINDOWS\System32\msvcp_win.dll
0x00007ffe62af0000 - 0x00007ffe62afa000 	C:\WINDOWS\SYSTEM32\VERSION.dll
0x00007ffe6a370000 - 0x00007ffe6a3a0000 	C:\WINDOWS\System32\IMM32.DLL
0x00007ffe636d0000 - 0x00007ffe636dc000 	C:\Program Files\Java\bin\vcruntime140_1.dll
0x00007ffe2be50000 - 0x00007ffe2bee1000 	C:\Program Files\Java\bin\msvcp140.dll
0x00007ffe15c90000 - 0x00007ffe1683b000 	C:\Program Files\Java\bin\server\jvm.dll
0x00007ffe6a6a0000 - 0x00007ffe6a6a8000 	C:\WINDOWS\System32\PSAPI.DLL
0x00007ffe5c840000 - 0x00007ffe5c867000 	C:\WINDOWS\SYSTEM32\WINMM.dll
0x00007ffe66930000 - 0x00007ffe66939000 	C:\WINDOWS\SYSTEM32\WSOCK32.dll
0x00007ffe6af20000 - 0x00007ffe6af8b000 	C:\WINDOWS\System32\WS2_32.dll
0x00007ffe681e0000 - 0x00007ffe681f2000 	C:\WINDOWS\SYSTEM32\kernel.appcore.dll
0x00007ffe5c510000 - 0x00007ffe5c51a000 	C:\Program Files\Java\bin\jimage.dll
0x00007ffe67ec0000 - 0x00007ffe680a4000 	C:\WINDOWS\SYSTEM32\DBGHELP.DLL
0x00007ffe53b20000 - 0x00007ffe53b4c000 	C:\WINDOWS\SYSTEM32\dbgcore.DLL
0x00007ffe69b80000 - 0x00007ffe69c03000 	C:\WINDOWS\System32\bcryptPrimitives.dll
0x00007ffe4a700000 - 0x00007ffe4a725000 	C:\Program Files\Java\bin\java.dll

dbghelp: loaded successfully - version: 4.0.5 - missing functions: none
symbol engine: initialized successfully - sym options: 0x614 - pdb path: .;C:\Program Files\Java\bin;C:\WINDOWS\SYSTEM32;C:\WINDOWS\WinSxS\amd64_microsoft.windows.common-controls_6595b64144ccf1df_6.0.19041.1110_none_60b5254171f9507e;C:\Program Files\Java\bin\server

VM Arguments:
java_command: bank.TestStockDialog
java_class_path (initial): F:\softdev naja\goldplus_project\Project\target\classes;C:\Users\OMEN\.m2\repository\org\xerial\sqlite-jdbc\3.36.0.3\sqlite-jdbc-3.36.0.3.jar;C:\Users\OMEN\.m2\repository\org\netbeans\external\AbsoluteLayout\RELEASE124\AbsoluteLayout-RELEASE124.jar
Launcher Type: SUN_STANDARD

[Global flags]
     intx CICompilerCount                          = 4                                         {product} {ergonomic}
     uint ConcGCThreads                            = 2                                         {product} {ergonomic}
     uint G1ConcRefinementThreads                  = 8                                         {product} {ergonomic}
   size_t G1HeapRegionSize                         = 1048576                                   {product} {ergonomic}
    uintx GCDrainStackTargetSize                   = 64                                        {product} {ergonomic}
   size_t InitialHeapSize                          = 134217728                                 {product} {ergonomic}
   size_t MarkStackSize                            = 4194304                                   {product} {ergonomic}
   size_t MaxHeapSize                              = 2116026368                                {product} {ergonomic}
   size_t MinHeapDeltaBytes                        = 1048576                                   {product} {ergonomic}
   size_t MinHeapSize                              = 8388608                                   {product} {ergonomic}
    uintx NonNMethodCodeHeapSize                   = 5839372                                {pd product} {ergonomic}
    uintx NonProfiledCodeHeapSize                  = 122909434                              {pd product} {ergonomic}
    uintx ProfiledCodeHeapSize                     = 122909434                              {pd product} {ergonomic}
    uintx ReservedCodeCacheSize                    = 251658240                              {pd product} {ergonomic}
     bool SegmentedCodeCache                       = true                                      {product} {ergonomic}
   size_t SoftMaxHeapSize                          = 2116026368                             {manageable} {ergonomic}
     bool UseCompressedClassPointers               = true                           {product lp64_product} {ergonomic}
     bool UseCompressedOops                        = true                           {product lp64_product} {ergonomic}
     bool UseG1GC                                  = true                                      {product} {ergonomic}
     bool UseLargePagesIndividualAllocation        = false                                  {pd product} {ergonomic}

Logging:
Log output configuration:
 #0: stdout all=warning uptime,level,tags
 #1: stderr all=off uptime,level,tags

Environment Variables:
JAVA_HOME=C:\Program Files\Java
PATH=C:\Program Files\Common Files\Oracle\Java\javapath;C:\Program Files (x86)\Razer Chroma SDK\bin;C:\Program Files\Razer Chroma SDK\bin;C:\Program Files (x86)\Razer\ChromaBroadcast\bin;C:\Program Files\Razer\ChromaBroadcast\bin;C:\Program Files (x86)\Common Files\Oracle\Java\javapath;C:\Program Files (x86)\Intel\iCLS Client\;C:\Program Files\Intel\iCLS Client\;C:\windows\system32;C:\windows;C:\windows\System32\Wbem;C:\windows\System32\WindowsPowerShell\v1.0\;C:\Program Files (x86)\Intel\Intel(R) Management Engine Components\DAL;C:\Program Files\Intel\Intel(R) Management Engine Components\DAL;C:\Program Files (x86)\Intel\Intel(R) Management Engine Components\IPT;C:\Program Files\Intel\Intel(R) Management Engine Components\IPT;C:\WINDOWS\system32;C:\WINDOWS;C:\WINDOWS\System32\Wbem;C:\WINDOWS\System32\WindowsPowerShell\v1.0\;C:\WINDOWS\System32\OpenSSH\;C:\Program Files\NVIDIA Corporation\NVIDIA NvDLISR;C:\Program Files (x86)\NVIDIA Corporation\PhysX\Common;E:\Putty\;C:\WINDOWS\system32\config\systemprofile\AppData\Local\Microsoft\WindowsApps;G:\;C:\WINDOWS\system32;C:\WINDOWS;C:\WINDOWS\System32\Wbem;C:\WINDOWS\System32\WindowsPowerShell\v1.0\;C:\WINDOWS\System32\OpenSSH\;F:\Git\cmd;C:\Program Files\Java\jdk-11.0.11\bin;C:\dart-sdk\bin;E:\flutter_windows_2.5.3-stable\flutter\bin;C:\Users\OMEN\AppData\Local\Microsoft\WindowsApps;C:\Users\OMEN\AppData\Roaming\npm;E:\Microsoft VS Code\bin
USERNAME=OMEN
OS=Windows_NT
PROCESSOR_IDENTIFIER=Intel64 Family 6 Model 158 Stepping 9, GenuineIntel



---------------  S Y S T E M  ---------------

OS:
 Windows 10 , 64 bit Build 19041 (10.0.19041.1202)
OS uptime: 10 days 12:53 hours

CPU: total 8 (initial active 8) (4 cores per cpu, 2 threads per core) family 6 model 158 stepping 9 microcode 0xb4, cx8, cmov, fxsr, ht, mmx, 3dnowpref, sse, sse2, sse3, ssse3, sse4.1, sse4.2, popcnt, lzcnt, tsc, tscinvbit, avx, avx2, aes, erms, clmul, bmi1, bmi2, adx, fma, vzeroupper, clflush, clflushopt

Memory: 4k page, system-wide physical 8071M (581M free)
TotalPageFile size 12167M (AvailPageFile size 73M)
current process WorkingSet (physical memory assigned to process): 10M, peak: 10M
current process commit charge ("private bytes"): 60M, peak: 188M

vm_info: Java HotSpot(TM) 64-Bit Server VM (16.0.2+7-67) for windows-amd64 JRE (16.0.2+7-67), built on Jun  8 2021 23:24:19 by "mach5one" with MS VC++ 16.7 (VS2019)

END.
